0 info it worked if it ends with ok
1 verbose cli [ '/usr/bin/node', '/usr/bin/npm', 'run', 'develop' ]
2 info using npm@3.5.2
3 info using node@v8.10.0
4 verbose run-script [ 'predevelop', 'develop', 'postdevelop' ]
5 info lifecycle webpack@1.0.0~predevelop: webpack@1.0.0
6 silly lifecycle webpack@1.0.0~predevelop: no script for predevelop, continuing
7 info lifecycle webpack@1.0.0~develop: webpack@1.0.0
8 verbose lifecycle webpack@1.0.0~develop: unsafe-perm in lifecycle true
9 verbose lifecycle webpack@1.0.0~develop: PATH: /usr/share/npm/bin/node-gyp-bin:/mnt/g/webpack/node_modules/.bin:/home/wangguoshuang/.yarn/bin:/home/wangguoshuang/.config/yarn/global/node_modules/.bin:/usr/local/sbin:/usr/local/bin:/usr/sbin:/usr/bin:/sbin:/bin:/usr/games:/usr/local/games:/mnt/c/Windows/System32:/mnt/c/Windows:/mnt/c/Windows/System32/wbem:/mnt/c/Windows/System32/WindowsPowerShell/v1.0:/mnt/c/Program Files/nodejs:/mnt/c/Windows/System32/OpenSSH:/mnt/c/Program Files/Git/cmd:/mnt/c/Users/admin/AppData/Local/Microsoft/WindowsApps:/mnt/c/Users/admin/AppData/Roaming/npm:/mnt/c/Program Files/Git:/mnt/c/Users/admin/AppData/Local/atom/bin:/mnt/f/lantern:/snap/bin
10 verbose lifecycle webpack@1.0.0~develop: CWD: /mnt/g/webpack
11 silly lifecycle webpack@1.0.0~develop: Args: [ '-c',
11 silly lifecycle   'webpack-dev-server  --config webpack.develop.config.js --devtool eval --progress --colors --hot --content-base src' ]
12 silly lifecycle webpack@1.0.0~develop: Returned: code: 1  signal: null
13 info lifecycle webpack@1.0.0~develop: Failed to exec develop script
14 verbose stack Error: webpack@1.0.0 develop: `webpack-dev-server  --config webpack.develop.config.js --devtool eval --progress --colors --hot --content-base src`
14 verbose stack Exit status 1
14 verbose stack     at EventEmitter.<anonymous> (/usr/share/npm/lib/utils/lifecycle.js:232:16)
14 verbose stack     at emitTwo (events.js:126:13)
14 verbose stack     at EventEmitter.emit (events.js:214:7)
14 verbose stack     at ChildProcess.<anonymous> (/usr/share/npm/lib/utils/spawn.js:24:14)
14 verbose stack     at emitTwo (events.js:126:13)
14 verbose stack     at ChildProcess.emit (events.js:214:7)
14 verbose stack     at maybeClose (internal/child_process.js:925:16)
14 verbose stack     at Process.ChildProcess._handle.onexit (internal/child_process.js:209:5)
15 verbose pkgid webpack@1.0.0
16 verbose cwd /mnt/g/webpack
17 error Linux 4.4.0-17134-Microsoft
18 error argv "/usr/bin/node" "/usr/bin/npm" "run" "develop"
19 error node v8.10.0
20 error npm  v3.5.2
21 error code ELIFECYCLE
22 error webpack@1.0.0 develop: `webpack-dev-server  --config webpack.develop.config.js --devtool eval --progress --colors --hot --content-base src`
22 error Exit status 1
23 error Failed at the webpack@1.0.0 develop script 'webpack-dev-server  --config webpack.develop.config.js --devtool eval --progress --colors --hot --content-base src'.
23 error Make sure you have the latest version of node.js and npm installed.
23 error If you do, this is most likely a problem with the webpack package,
23 error not with npm itself.
23 error Tell the author that this fails on your system:
23 error     webpack-dev-server  --config webpack.develop.config.js --devtool eval --progress --colors --hot --content-base src
23 error You can get information on how to open an issue for this project with:
23 error     npm bugs webpack
23 error Or if that isn't available, you can get their info via:
23 error     npm owner ls webpack
23 error There is likely additional logging output above.
24 verbose exit [ 1, true ]
